2022-1-11 10:9:2 ** [Info]: Write inspector result in file /Users/anderalex/go/src/mongostatus/inspector/10.10.30.17:27002.md
2022-1-11 10:9:2 ** [Info]: Write inspector log in file /Users/anderalex/go/src/mongostatus/inspector/10.10.30.17:27002inspector.log
2022-1-11 10:9:2 ** [DBinfo] sys database: [admin config local]
2022-1-11 10:9:2 ** [DBinfo] nosys database: [ycsb ycsb1]
2022-1-11 10:9:2 ** [getDiagnosticData]
2022-1-11 10:9:2 ** [HostName] : mongo-02
2022-1-11 10:9:2 ** [Mongod Version] : 4.4.6
2022-1-11 10:9:2 ** [Mongod Process] : processname : mongod, pid : 23
2022-1-11 10:9:2 ** [Mongod Uptime] : 6 Days 19 Hours 41 Mins 0 secs
2022-1-11 10:9:2[architecture]: mongod
2022-1-11 10:9:2[MongoDB MEMORY INFO]
2022-1-11 10:9:2[MongoDB MEMORY] OS bits : 64
2022-1-11 10:9:2[MongoDB MEMORY] Mem resident : 89 (MiB) (该值大致相当于数据库进程当前使用的 RAM 量)
2022-1-11 10:9:2[MongoDB MEMORY] Mem virtual : 1535 (MiB) (进程使用的虚拟内存的数量)
2022-1-11 10:9:2[MongoDB MEMORY] Mem supported : true (底层系统是否支持扩展内存信息)
2022-1-11 10:9:2[MongoDB CONNECTIONS INFO]
2022-1-11 10:9:2[MongoDB CONNECTIONS] TOTAL CREATED 386 
2022-1-11 10:9:2[MongoDB CONNECTIONS] Current 5 
2022-1-11 10:9:2[MongoDB CONNECTIONS] Available 838855 
2022-1-11 10:9:2[MongoDB STORAGE Engine INFO]
2022-1-11 10:9:2[MongoDB STORAGE] Engine Name : wiredTiger
2022-1-11 10:9:2[MongoDB STORAGE] Engine Persistent : true (该参数表示存储引擎是否支持持久化数据到硬盘)
2022-1-11 10:9:2[MongoDB STORAGE] Engine SupportCommittedREads : true (该参数表示存储引擎是否支持read concern)
2022-1-11 10:9:2[Asserts] regular : 0
2022-1-11 10:9:2[Asserts] warning : 0
2022-1-11 10:9:2[Asserts] msg : 0
2022-1-11 10:9:2[Asserts] user : 137
2022-1-11 10:9:2[Asserts] rollovers : 0
2022-1-11 10:9:2"regular" : 服务启动后正常的asserts错误个数,可通过log查看更多该信息
"warning" : 服务启动后的warning个数
"msg" : 服务启动后的message assert个数
"user" : 服务启动后的user asserts个数
"rollovers" : 服务启动后的重置次数
2022-1-11 10:9:2 ** [IndexInfo] collection: ycsb.t1 has 2 index,is [{"key":{"x":1},"name":"x_1","v":2} {"key":{"_id":1},"name":"_id_","v":2}]
2022-1-11 10:9:2 ** [VARIABLES]: VAR_INDEX:ycsb.t1____helloworld____2____helloworld____[{"key":{"x":1},"name":"x_1","v":2} {"key":{"_id":1},"name":"_id_","v":2}]
2022-1-11 10:9:2 ** [IndexInfo] collection: ycsb1.a has 1 index,is [{"key":{"_id":1},"name":"_id_","v":2}]
2022-1-11 10:9:2 ** [VARIABLES]: VAR_INDEX:ycsb1.a____helloworld____1____helloworld____[{"key":{"_id":1},"name":"_id_","v":2}]
